*[INFO ]-- Starting Sb10Application using Java 21.0.2 with PID 10028 (D:\Springboot-main\target\classes started by kalaivanan.s in D:\Springboot-main)--
*[INFO ]-- No active profile set, falling back to 1 default profile: "default"--
*[INFO ]-- Starting service [Tomcat]--
*[INFO ]-- Starting Servlet engine: [Apache Tomcat/10.1.28]--
*[INFO ]-- Initializing Spring embedded WebApplicationContext--
*[INFO ]-- HikariPool-1 - Starting...--
*[INFO ]-- HikariPool-1 - Added connection conn0: url=jdbc:h2:file:~/sb10 user=SA--
*[INFO ]-- HikariPool-1 - Start completed.--
*[INFO ]-- Started Sb10Application in 7.929 seconds (process running for 8.808)--
*[INFO ]-- Initializing Spring DispatcherServlet 'dispatcherServlet'--
*[INFO ]-- Before method:List com.kgisl.sb10.service.PersonServiceImpl.getAllPersons()--
*[INFO ]-- Class Name :  com.kgisl.sb10.service.PersonServiceImpl--
*[INFO ]-- Entering in Method :  getAllPersons--
*[INFO ]-- Arguments :  []--
*[INFO ]-- After method:List com.kgisl.sb10.service.PersonServiceImpl.getAllPersons()--
*[INFO ]-- Class Name :  com.kgisl.sb10.service.PersonServiceImpl--
*[INFO ]-- Entering in Method :  getAllPersons--
*[INFO ]-- Arguments :  []--
*[WARN ]-- HikariPool-1 - Thread starvation or clock leap detected (housekeeper delta=27m8s530ms408µs900ns).--
*[WARN ]-- HikariPool-1 - Thread starvation or clock leap detected (housekeeper delta=48m19s323ms922µs400ns).--
*[INFO ]-- HikariPool-1 - Shutdown initiated...--
*[INFO ]-- HikariPool-1 - Shutdown completed.--
